build/app/outputs/mapping/release/seeds.txt
com.smartersvision.markets.Application
com.smartersvision.markets.MainActivity
com.smartersvision.markets.MainActivity: MainActivity()
com.smartersvision.markets.Application: Application()
...
androidx.appcompat.R$attr: int actionModeSelectAllDrawable
androidx.appcompat.widget.Toolbar: void setNavigationIcon(android.graphics.drawable.Drawable)
com.pichillilorenzo.flutter_inappbrowser.R$styleable: int[] TextAppearance
com.pichillilorenzo.flutter_inappbrowser.R$style: int Theme_AppCompat_DayNight_DialogWhenLarge
androidx.appcompat.R$id: int action_bar_root
androidx.appcompat.R$attr: int paddingBottomNoButtons
com.pichillilorenzo.flutter_inappbrowser.InAppWebView.InAppWebView: void reload()
com.pichillilorenzo.flutter_inappbrowser.R$dimen: int abc_config_prefDialogWidth
com.pichillilorenzo.flutter_inappbrowser.R$dimen: int abc_text_size_display_1_material
com.baseflow.geolocator.R$string: int common_google_play_services_wear_update_text
com.pichillilorenzo.flutter_inappbrowser.InAppBrowserActivity: boolean onKeyDown(int,android.view.KeyEvent)
io.flutter.plugins.urllauncher.UrlLauncher$LaunchStatus: io.flutter.plugins.urllauncher.UrlLauncher$LaunchStatus[] values()
com.pichillilorenzo.flutter_inappbrowser.R$styleable: int TextAppearance_android_textColorHint
io.github.ponnamkarthik.toast.fluttertoast.R$id: int accessibility_custom_action_25
io.flutter.embedding.engine.FlutterJNI: void nativeUnregisterTexture(long,long)
com.pichillilorenzo.flutter_inappbrowser.R$attr: int submitBackground
org.chromium.support_lib_boundary.WebViewClientBoundaryInterface: boolean shouldOverrideUrlLoading(android.webkit.WebView,android.webkit.WebResourceRequest)
com.pichillilorenzo.flutter_inappbrowser.R$styleable: int LinearLayoutCompat_Layout_android_layout_width
androidx.appcompat.widget.SearchView$SearchAutoComplete: SearchView$SearchAutoComplete(android.content.Context,android.util.AttributeSet,int)
com.pichillilorenzo.flutter_inappbrowser.R$dimen: int abc_dialog_fixed_width_major
com.pichillilorenzo.flutter_inappbrowser.R$style: int Widget_AppCompat_ListView_Menu
com.pichillilorenzo.flutter_inappbrowser.R$style: int TextAppearance_AppCompat_Widget_Switch
androidx.appcompat.R$styleable: int Toolbar_subtitleTextAppearance
io.flutter.embedding.engine.FlutterJNI: void nativeInit(android.content.Context,java.lang.String[],java.lang.String,java.lang.String,java.lang.String,long)
com.pichillilorenzo.flutter_inappbrowser.R$style: int Widget_AppCompat_Button_Borderless
androidx.appcompat.widget.Toolbar: void setSubtitleTextColor(int)
androidx.appcompat.R$dimen: int abc_switch_padding
com.pichillilorenzo.flutter_inappbrowser.InAppWebView.InAppWebViewChromeClient$4: android.webkit.JsResult val$result
com.baseflow.googleapiavailability.R$dimen
androidx.appcompat.R$dimen: int notification_media_narrow_margin
com.pichillilorenzo.flutter_inappbrowser.R$attr: int keylines
com.google.android.gms.internal.measurement.zzbt$zza: java.lang.String zzd
com.baseflow.geolocator.data.GeocodingOptions: java.util.Locale getLocale()
com.baseflow.geolocator.tasks.LocationUpdatesUsingLocationServicesTask: boolean mStopAfterFirstLocationUpdate
androidx.appcompat.R$color: int abc_btn_colored_borderless_text_material
com.pichillilorenzo.flutter_inappbrowser.R$string
com.pichillilorenzo.flutter_inappbrowser.R$attr: int actionBarTheme
com.pichillilorenzo.flutter_inappbrowser.R$attr: int actionButtonStyle
androidx.appcompat.widget.Toolbar: android.graphics.drawable.Drawable getLogo()
androidx.appcompat.R$style: int Theme_AppCompat_Light_Dialog_MinWidth
androidx.appcompat.R$dimen: int compat_notification_large_icon_max_height
com.baseflow.geolocator.R$drawable
com.baseflow.geolocator.tasks.LocationUpdatesUsingLocationServicesTask: void startTask()
com.pichillilorenzo.flutter_inappbrowser.InAppWebView.InAppWebViewClient$2: void success(java.lang.Object)
io.github.ponnamkarthik.toast.fluttertoast.R$id: int accessibility_custom_action_24
com.google.android.gms.internal.measurement.zzbw$zzc: com.google.android.gms.internal.measurement.zzhc zzj
com.baseflow.googleapiavailability.R$id: int accessibility_custom_action_0
com.google.android.gms.internal.measurement.zzbo$zza