build/app/outputs/mapping/release/mapping.txt
# compiler: R8
# compiler_version: 1.6.82
# min_api: 19
# pg_map_id: 070235f
# common_typos_disable
com.smartersvision.markets.Application -> com.smartersvision.markets.Application:
    void registerWith(io.flutter.plugin.common.PluginRegistry) -> a
com.smartersvision.markets.FirebaseCloudMessagingPluginRegistrant -> com.smartersvision.markets.a:
    com.smartersvision.markets.FirebaseCloudMessagingPluginRegistrant INSTANCE -> a
    void registerWith(io.flutter.plugin.common.PluginRegistry) -> a
    boolean alreadyRegisteredWith(io.flutter.plugin.common.PluginRegistry) -> b
...
com.google.android.exoplayer2.extractor.ts.TsExtractor$PatReader -> c.a.a.b.m0.y.d0$a:
    com.google.android.exoplayer2.util.ParsableBitArray patScratch -> a
    com.google.android.exoplayer2.extractor.ts.TsExtractor this$0 -> b
    void consume(com.google.android.exoplayer2.util.ParsableByteArray) -> a
    void init(com.google.android.exoplayer2.util.TimestampAdjuster,com.google.android.exoplayer2.extractor.ExtractorOutput,com.google.android.exoplayer2.extractor.ts.TsPayloadReader$TrackIdGenerator) -> a
com.google.android.exoplayer2.extractor.ts.TsExtractor$PmtReader -> c.a.a.b.m0.y.d0$b:
    com.google.android.exoplayer2.util.ParsableBitArray pmtScratch -> a
    com.google.android.exoplayer2.extractor.ts.TsExtractor this$0 -> e
    android.util.SparseArray trackIdToReaderScratch -> b
    android.util.SparseIntArray trackIdToPidScratch -> c
    int pid -> d
    void consume(com.google.android.exoplayer2.util.ParsableByteArray) -> a
    void init(com.google.android.exoplayer2.util.TimestampAdjuster,com.google.android.exoplayer2.extractor.ExtractorOutput,com.google.android.exoplayer2.extractor.ts.TsPayloadReader$TrackIdGenerator) -> a
    com.google.android.exoplayer2.extractor.ts.TsPayloadReader$EsInfo readEsInfo(com.google.android.exoplayer2.util.ParsableByteArray,int) -> a
com.google.android.exoplayer2.extractor.ts.TsPayloadReader -> c.a.a.b.m0.y.e0:
    void consume(com.google.android.exoplayer2.util.ParsableByteArray,int) -> a
    void init(com.google.android.exoplayer2.util.TimestampAdjuster,com.google.android.exoplayer2.extractor.ExtractorOutput,com.google.android.exoplayer2.extractor.ts.TsPayloadReader$TrackIdGenerator) -> a
    void seek() -> a
com.google.android.exoplayer2.extractor.ts.TsPayloadReader$DvbSubtitleInfo -> c.a.a.b.m0.y.e0$a:
    byte[] initializationData -> b
    java.lang.String language -> a
com.google.android.exoplayer2.extractor.ts.TsPayloadReader$EsInfo -> c.a.a.b.m0.y.e0$b:
    java.util.List dvbSubtitleInfos -> c
    byte[] descriptorBytes -> d
    java.lang.String language -> b
    int streamType -> a
com.google.android.exoplayer2.extractor.ts.TsPayloadReader$Factory -> c.a.a.b.m0.y.e0$c:
    android.util.SparseArray createInitialPayloadReaders() -> a
    com.google.android.exoplayer2.extractor.ts.TsPayloadReader createPayloadReader(int,com.google.android.exoplayer2.extractor.ts.TsPayloadReader$EsInfo) -> a
com.google.android.exoplayer2.extractor.ts.TsPayloadReader$TrackIdGenerator -> c.a.a.b.m0.y.e0$d:
    java.lang.String formatIdPrefix -> a
    int trackId -> d
    int firstTrackId -> b
    int trackIdIncrement -> c
    java.lang.String formatId -> e
    void generateNewId() -> a
    java.lang.String getFormatId() -> b
    int getTrackId() -> c
    void maybeThrowUninitializedError() -> d
com.google.android.exoplayer2.extractor.ts.TsUtil -> c.a.a.b.m0.y.f0:
    int findSyncBytePosition(byte[],int,int) -> a
    long readPcrFromPacket(com.google.android.exoplayer2.util.ParsableByteArray,int,int) -> a
    long readPcrValueFromPcrBytes(byte[]) -> a
com.google.android.exoplayer2.extractor.ts.UserDataReader -> c.a.a.b.m0.y.g0:
    java.util.List closedCaptionFormats -> a
    com.google.android.exoplayer2.extractor.TrackOutput[] outputs -> b
    void consume(long,com.google.android.exoplayer2.util.ParsableByteArray) -> a
    void createTracks(com.google.android.exoplayer2.extractor.ExtractorOutput,com.google.android.exoplayer2.extractor.ts.TsPayloadReader$TrackIdGenerator) -> a
com.google.android.exoplayer2.extractor.wav.-$$Lambda$WavExtractor$5r6M_S0QCNNj_Xavzq9WwuFHep0 -> c.a.a.b.m0.z.a:
    com.google.android.exoplayer2.extractor.wav.-$$Lambda$WavExtractor$5r6M_S0QCNNj_Xavzq9WwuFHep0 INSTANCE -> a
    com.google.android.exoplayer2.extractor.Extractor[] createExtractors() -> a