build/app/outputs/mapping/release/usage.txt
com.smartersvision.markets.R$drawable
com.smartersvision.markets.R$menu
com.smartersvision.markets.R$integer
com.smartersvision.markets.R$mipmap
com.smartersvision.markets.R$anim
com.smartersvision.markets.BuildConfig
com.smartersvision.markets.R$color
com.smartersvision.markets.R$layout
com.smartersvision.markets.R$id
com.smartersvision.markets.R$style
com.smartersvision.markets.R$string
com.smartersvision.markets.R$bool
com.smartersvision.markets.R$attr
com.smartersvision.markets.R
com.smartersvision.markets.R$dimen
com.smartersvision.markets.R$styleable
...
androidx.vectordrawable.graphics.drawable.AnimatorInflaterCompat:
    private static void dumpKeyframes(java.lang.Object[],java.lang.String)
    private void <init>()
    private static final java.lang.String TAG
    private static final int TOGETHER
    private static final int MAX_NUM_POINTS
    private static final int VALUE_TYPE_FLOAT
    private static final int VALUE_TYPE_INT
    private static final int VALUE_TYPE_PATH
    private static final int VALUE_TYPE_COLOR
    private static final int VALUE_TYPE_UNDEFINED
    private static final boolean DBG_ANIMATOR_INFLATER
androidx.versionedparcelable.VersionedParcelStream$FieldBuffer
dagger.multibindings.IntKey
com.google.common.collect.HashBasedTable
androidx.appcompat.app.ActionBar$Tab:
    public abstract int getPosition()
    public abstract androidx.appcompat.app.ActionBar$Tab setIcon(android.graphics.drawable.Drawable)
    public abstract androidx.appcompat.app.ActionBar$Tab setIcon(int)
    public abstract androidx.appcompat.app.ActionBar$Tab setText(java.lang.CharSequence)
    public abstract androidx.appcompat.app.ActionBar$Tab setText(int)
    public abstract androidx.appcompat.app.ActionBar$Tab setCustomView(android.view.View)
    public abstract androidx.appcompat.app.ActionBar$Tab setCustomView(int)
    public abstract androidx.appcompat.app.ActionBar$Tab setTag(java.lang.Object)
    public abstract java.lang.Object getTag()
    public abstract androidx.appcompat.app.ActionBar$Tab setTabListener(androidx.appcompat.app.ActionBar$TabListener)
    public abstract androidx.appcompat.app.ActionBar$Tab setContentDescription(int)
    public abstract androidx.appcompat.app.ActionBar$Tab setContentDescription(java.lang.CharSequence)
    public static final int INVALID_POSITION
com.google.common.collect.AbstractMapBasedMultiset$1$1
com.google.common.util.concurrent.FakeTimeLimiter
com.google.android.gms.base.R$styleable
com.google.android.gms.tasks.TaskCompletionSource:
    public void <init>(com.google.android.gms.tasks.CancellationToken)
    static synthetic com.google.android.gms.tasks.zzu zza(com.google.android.gms.tasks.TaskCompletionSource)
okhttp3.Cache$CacheRequestImpl
kotlin.coroutines.jvm.internal.RunSuspendKt
kotlin.sequences.SequencesKt___SequencesKt$scanReduceIndexed$1
com.google.android.gms.measurement.internal.zzgw:
    protected void <init>()
    public static java.lang.String zza(java.lang.String)
androidx.browser.browseractions.BrowserActionsFallbackMenuUi$1
com.google.android.gms.auth.api.credentials.zzk
io.flutter.plugins.androidintent.R$color
com.google.common.collect.ImmutableMultimap$Itr
com.humazed.google_map_location_picker.R$layout
com.google.common.collect.ImmutableRangeMap$2
com.google.common.collect.Lists$ReverseList
kotlin.text.StringsKt___StringsKt$windowed$1
com.google.android.gms.common.stats.WakeLockTracker:
    public void registerAcquireEvent(android.content.Context,android.content.Intent,java.lang.String,java.lang.String,java.lang.String,int,java.lang.String)
    public void registerReleaseEvent(android.content.Context,android.content.Intent)
    public void registerDeadlineEvent(android.content.Context,java.lang.String,java.lang.String,java.lang.String,int,java.util.List,boolean,long)
com.google.common.collect.Table$Cell
com.google.common.math.package-info
kotlin.coroutines.experimental.intrinsics.IntrinsicsKt__IntrinsicsJvmKt$createCoroutineUnchecked$$inlined$buildContinuationByInvokeCall$IntrinsicsKt__IntrinsicsJvmKt$1
androidx.swiperefreshlayout.R$color
kotlin.jvm.internal.FunctionBase